<?xml version="1.0" encoding="UTF-8"?>
<testsuite name="com.bridgelab.javaioemployeepayrollservicetest.EmployeepayrollServiceTest" tests="1" skipped="0" failures="0" errors="0" timestamp="2021-07-20T15:09:22" hostname="NARUTO" time="0.09">
  <properties/>
  <testcase name="given3EmployeesWhenWrittenToFileShouldMatchEmployeeEntries()" classname="com.bridgelab.javaioemployeepayrollservicetest.EmployeepayrollServiceTest" time="0.09"/>
  <system-out><![CDATA[]]></system-out>
  <system-err><![CDATA[]]></system-err>
</testsuite>
